[2020-01-26 21:33:47,480] [ model.py : 37 ] [ INFO ]	 : {}
[2020-01-26 21:35:04,073] [ model.py : 37 ] [ INFO ]	 : {}
[2020-01-26 21:36:29,981] [ model.py : 19 ] [ INFO ]	 : loading database from /home/septemberhx/Workspace/git/AutoGameTools/game_tools ...
[2020-01-26 21:36:29,981] [ model.py : 39 ] [ INFO ]	 : {}
[2020-01-26 21:36:53,749] [ model.py : 19 ] [ INFO ]	 : loading database from /home/septemberhx/Workspace/git/AutoGameTools/game_tools ...
[2020-01-26 21:36:53,749] [ model.py : 39 ] [ INFO ]	 : {}
[2020-01-26 21:37:28,712] [ model.py : 19 ] [ INFO ]	 : loading database from /home/septemberhx/Workspace/git/AutoGameTools/game_tools ...
[2020-01-26 21:37:28,712] [ model.py : 39 ] [ INFO ]	 : {}
[2020-01-26 21:38:17,139] [ model.py : 19 ] [ INFO ]	 : loading database from /home/septemberhx/Workspace/git/AutoGameTools/game_tools ...
[2020-01-26 21:38:17,140] [ model.py : 36 ] [ INFO ]	 : {}
[2020-01-26 21:40:18,749] [ model.py : 19 ] [ INFO ]	 : loading database from /home/septemberhx/Workspace/git/AutoGameTools/game_tools ...
[2020-01-26 21:40:18,749] [ model.py : 39 ] [ INFO ]	 : {}
[2020-01-26 21:40:30,665] [ model.py : 19 ] [ INFO ]	 : loading database from /home/septemberhx/Workspace/git/AutoGameTools/game_tools ...
[2020-01-26 21:42:08,258] [ model.py : 19 ] [ INFO ]	 : loading database from /home/septemberhx/Workspace/git/AutoGameTools/game_tools ...
[2020-01-26 21:42:08,259] [ model.py : 32 ] [ INFO ]	 : Not exist or illegal config.json in game Arknights
[2020-01-26 21:42:08,259] [ model.py : 40 ] [ INFO ]	 : {}
[2020-01-26 21:44:22,222] [ model.py : 19 ] [ INFO ]	 : loading database from /home/septemberhx/Workspace/git/AutoGameTools/game_tools ...
[2020-01-26 21:44:22,222] [ model.py : 36 ] [ INFO ]	 : loading game Arknights
[2020-01-26 21:44:22,223] [ model.py : 39 ] [ DEBUG ]	 : ('actions',)
[2020-01-26 21:44:22,223] [ model.py : 40 ] [ INFO ]	 : {}
[2020-01-26 21:44:58,878] [ model.py : 19 ] [ INFO ]	 : loading database from /home/septemberhx/Workspace/git/AutoGameTools/game_tools ...
[2020-01-26 21:44:58,878] [ model.py : 36 ] [ INFO ]	 : loading game Arknights
[2020-01-26 21:44:58,890] [ model.py : 40 ] [ INFO ]	 : {}
[2020-01-26 21:45:36,773] [ model.py : 19 ] [ INFO ]	 : loading database from /home/septemberhx/Workspace/git/AutoGameTools/game_tools ...
[2020-01-26 21:45:36,773] [ model.py : 36 ] [ INFO ]	 : loading game Arknights
[2020-01-26 21:45:36,774] [ model.py : 40 ] [ INFO ]	 : {}
[2020-01-26 21:46:06,062] [ model.py : 19 ] [ INFO ]	 : loading database from /home/septemberhx/Workspace/git/AutoGameTools/game_tools ...
[2020-01-26 21:46:06,062] [ model.py : 36 ] [ INFO ]	 : loading game Arknights
[2020-01-26 21:46:59,416] [ model.py : 19 ] [ INFO ]	 : loading database from /home/septemberhx/Workspace/git/AutoGameTools/game_tools ...
[2020-01-26 21:46:59,417] [ model.py : 36 ] [ INFO ]	 : loading game Arknights
[2020-01-26 21:46:59,420] [ model.py : 40 ] [ INFO ]	 : {}
[2020-01-26 21:48:26,678] [ model.py : 19 ] [ INFO ]	 : loading database from /home/septemberhx/Workspace/git/AutoGameTools/game_tools ...
[2020-01-26 21:48:26,678] [ model.py : 36 ] [ INFO ]	 : loading game Arknights
[2020-01-26 21:49:04,843] [ model.py : 19 ] [ INFO ]	 : loading database from /home/septemberhx/Workspace/git/AutoGameTools/game_tools ...
[2020-01-26 21:49:04,844] [ model.py : 36 ] [ INFO ]	 : loading game Arknights
[2020-01-26 21:49:04,848] [ model.py : 40 ] [ INFO ]	 : {}
[2020-01-26 21:49:55,070] [ model.py : 19 ] [ INFO ]	 : loading database from /home/septemberhx/Workspace/git/AutoGameTools/game_tools ...
[2020-01-26 21:49:55,070] [ model.py : 36 ] [ INFO ]	 : loading game Arknights
[2020-01-26 21:50:49,007] [ model.py : 19 ] [ INFO ]	 : loading database from /home/septemberhx/Workspace/git/AutoGameTools/game_tools ...
[2020-01-26 21:50:49,007] [ model.py : 36 ] [ INFO ]	 : loading game Arknights
[2020-01-26 21:50:49,007] [ model.py : 40 ] [ INFO ]	 : {'Arknights': <auto_module.model.GameConfig object at 0x7f753177e0b8>}
[2020-01-26 21:51:01,321] [ model.py : 19 ] [ INFO ]	 : loading database from /home/septemberhx/Workspace/git/AutoGameTools/game_tools ...
[2020-01-26 21:51:01,321] [ model.py : 36 ] [ INFO ]	 : loading game Arknights
[2020-01-26 21:51:01,322] [ model.py : 40 ] [ INFO ]	 : {'Arknights': <auto_module.model.GameConfig object at 0x7f238941f0b8>}
[2020-01-26 21:51:11,087] [ model.py : 19 ] [ INFO ]	 : loading database from /home/septemberhx/Workspace/git/AutoGameTools/game_tools ...
[2020-01-26 21:51:11,087] [ model.py : 36 ] [ INFO ]	 : loading game Arknights
[2020-01-26 21:57:16,185] [ model.py : 19 ] [ INFO ]	 : loading database from /home/septemberhx/Workspace/git/AutoGameTools/game_tools ...
[2020-01-26 21:57:16,185] [ model.py : 36 ] [ INFO ]	 : loading game Arknights
[2020-01-26 21:57:16,188] [ model.py : 40 ] [ INFO ]	 : {}
[2020-01-26 21:59:23,807] [ model.py : 19 ] [ INFO ]	 : loading database from /home/septemberhx/Workspace/git/AutoGameTools/game_tools ...
[2020-01-26 21:59:23,808] [ model.py : 36 ] [ INFO ]	 : loading game Arknights
[2020-01-26 22:00:46,567] [ model.py : 19 ] [ INFO ]	 : loading database from /home/septemberhx/Workspace/git/AutoGameTools/game_tools ...
[2020-01-26 22:00:46,567] [ model.py : 36 ] [ INFO ]	 : loading game Arknights
[2020-01-26 22:02:07,038] [ model.py : 21 ] [ INFO ]	 : loading database from /home/septemberhx/Workspace/git/AutoGameTools/game_tools ...
[2020-01-26 22:02:07,038] [ model.py : 38 ] [ INFO ]	 : loading game Arknights
[2020-01-26 22:32:21,138] [ model.py : 23 ] [ INFO ]	 : loading database from /home/septemberhx/Workspace/git/AutoGameTools/game_tools ...
[2020-01-26 22:32:21,138] [ model.py : 40 ] [ INFO ]	 : loading game Arknights
[2020-01-26 22:33:30,404] [ model.py : 23 ] [ INFO ]	 : loading database from /home/septemberhx/Workspace/git/AutoGameTools/game_tools ...
[2020-01-26 22:33:30,404] [ model.py : 40 ] [ INFO ]	 : loading game Arknights
[2020-01-26 22:33:49,748] [ model.py : 23 ] [ INFO ]	 : loading database from /home/septemberhx/Workspace/git/AutoGameTools/game_tools ...
[2020-01-26 22:33:49,749] [ model.py : 40 ] [ INFO ]	 : loading game Arknights
[2020-01-26 22:35:26,018] [ model.py : 23 ] [ INFO ]	 : loading database from /home/septemberhx/Workspace/git/AutoGameTools/game_tools ...
[2020-01-26 22:35:26,018] [ model.py : 40 ] [ INFO ]	 : loading game Arknights
[2020-01-26 22:35:38,036] [ model.py : 23 ] [ INFO ]	 : loading database from /home/septemberhx/Workspace/git/AutoGameTools/game_tools ...
[2020-01-26 22:35:38,036] [ model.py : 40 ] [ INFO ]	 : loading game Arknights
[2020-01-26 22:35:46,030] [ model.py : 23 ] [ INFO ]	 : loading database from /home/septemberhx/Workspace/git/AutoGameTools/game_tools ...
[2020-01-26 22:35:46,030] [ model.py : 40 ] [ INFO ]	 : loading game Arknights
[2020-01-26 22:36:01,845] [ model.py : 23 ] [ INFO ]	 : loading database from /home/septemberhx/Workspace/git/AutoGameTools/game_tools ...
[2020-01-26 22:36:01,845] [ model.py : 40 ] [ INFO ]	 : loading game Arknights
[2020-01-26 22:36:54,737] [ model.py : 23 ] [ INFO ]	 : loading database from /home/septemberhx/Workspace/git/AutoGameTools/game_tools ...
[2020-01-26 22:36:54,737] [ model.py : 40 ] [ INFO ]	 : loading game Arknights
[2020-01-26 22:37:28,525] [ model.py : 28 ] [ INFO ]	 : loading database from /home/septemberhx/Workspace/git/AutoGameTools/game_tools ...
[2020-01-26 22:37:28,525] [ model.py : 45 ] [ INFO ]	 : loading game Arknights
[2020-01-26 22:38:12,188] [ model.py : 28 ] [ INFO ]	 : loading database from /home/septemberhx/Workspace/git/AutoGameTools/game_tools ...
[2020-01-26 22:38:12,189] [ model.py : 45 ] [ INFO ]	 : loading game Arknights
[2020-01-26 22:39:50,410] [ model.py : 23 ] [ INFO ]	 : loading database from /home/septemberhx/Workspace/git/AutoGameTools/game_tools ...
[2020-01-26 22:39:50,410] [ model.py : 40 ] [ INFO ]	 : loading game Arknights
[2020-01-26 22:49:45,081] [ model.py : 23 ] [ INFO ]	 : loading database from /home/septemberhx/Workspace/git/AutoGameTools/game_tools ...
[2020-01-26 22:49:45,081] [ model.py : 40 ] [ INFO ]	 : loading game Arknights
[2020-01-26 22:52:27,120] [ model.py : 23 ] [ INFO ]	 : loading database from /home/septemberhx/Workspace/git/AutoGameTools/game_tools ...
[2020-01-26 22:52:27,120] [ model.py : 40 ] [ INFO ]	 : loading game Arknights
[2020-01-26 22:52:57,406] [ model.py : 23 ] [ INFO ]	 : loading database from /home/septemberhx/Workspace/git/AutoGameTools/game_tools ...
[2020-01-26 22:52:57,406] [ model.py : 40 ] [ INFO ]	 : loading game Arknights
[2020-01-26 22:54:07,934] [ model.py : 23 ] [ INFO ]	 : loading database from /home/septemberhx/Workspace/git/AutoGameTools/game_tools ...
[2020-01-26 22:54:07,934] [ model.py : 40 ] [ INFO ]	 : loading game Arknights
[2020-01-26 22:55:20,759] [ model.py : 23 ] [ INFO ]	 : loading database from /home/septemberhx/Workspace/git/AutoGameTools/game_tools ...
[2020-01-26 22:55:20,759] [ model.py : 40 ] [ INFO ]	 : loading game Arknights
[2020-01-26 23:00:47,146] [ model.py : 23 ] [ INFO ]	 : loading database from /home/septemberhx/Workspace/git/AutoGameTools/game_tools ...
[2020-01-26 23:00:47,147] [ model.py : 40 ] [ INFO ]	 : loading game Arknights
[2020-01-26 23:01:04,193] [ model.py : 23 ] [ INFO ]	 : loading database from /home/septemberhx/Workspace/git/AutoGameTools/game_tools ...
[2020-01-26 23:01:04,193] [ model.py : 40 ] [ INFO ]	 : loading game Arknights
[2020-01-26 23:03:45,814] [ model.py : 23 ] [ INFO ]	 : loading database from /home/septemberhx/Workspace/git/AutoGameTools/game_tools ...
[2020-01-26 23:03:45,814] [ model.py : 40 ] [ INFO ]	 : loading game Arknights
[2020-01-26 23:04:58,821] [ model.py : 23 ] [ INFO ]	 : loading database from /home/septemberhx/Workspace/git/AutoGameTools/game_tools ...
[2020-01-26 23:04:58,821] [ model.py : 40 ] [ INFO ]	 : loading game Arknights
[2020-01-26 23:06:45,205] [ model.py : 23 ] [ INFO ]	 : loading database from /home/septemberhx/Workspace/git/AutoGameTools/game_tools ...
[2020-01-26 23:06:45,206] [ model.py : 40 ] [ INFO ]	 : loading game Arknights
[2020-01-26 23:10:33,102] [ model.py : 23 ] [ INFO ]	 : loading database from /home/septemberhx/Workspace/git/AutoGameTools/game_tools ...
[2020-01-26 23:10:33,103] [ model.py : 40 ] [ INFO ]	 : loading game Arknights
[2020-01-26 23:10:33,394] [ model.py : 137 ] [ INFO ]	 : 公告->主页: action01|click|announcement_close.png|主页
[2020-01-26 23:10:50,648] [ model.py : 23 ] [ INFO ]	 : loading database from /home/septemberhx/Workspace/git/AutoGameTools/game_tools ...
[2020-01-26 23:10:50,648] [ model.py : 40 ] [ INFO ]	 : loading game Arknights
[2020-01-26 23:10:50,929] [ model.py : 137 ] [ INFO ]	 : 公告->主页: action01|click|announcement_close.png|主页
[2020-01-26 23:11:37,920] [ model.py : 23 ] [ INFO ]	 : loading database from /home/septemberhx/Workspace/git/AutoGameTools/game_tools ...
[2020-01-26 23:11:37,920] [ model.py : 40 ] [ INFO ]	 : loading game Arknights
[2020-01-26 23:11:38,207] [ model.py : 137 ] [ INFO ]	 : 公告->主页: action01|click|announcement_close.png|主页
